<?xml version="1.0" encoding="UTF-8"?>
<robot generator="Robot 6.1.1 (Python 3.10.12 on linux)" generated="20231120 21:12:23.274" rpa="false" schemaversion="4">
<suite id="s1" name="Tests" source="/home/rktuovin/Documents/School/3v_2p/Ohjelmistotuotanto/palautusrepositorio/viikko3/login-robot/src/tests">
<suite id="s1-s1" name="Login" source="/home/rktuovin/Documents/School/3v_2p/Ohjelmistotuotanto/palautusrepositorio/viikko3/login-robot/src/tests/login.robot">
<test id="s1-s1-t1" name="Login With Correct Credentials" line="6">
<kw name="Create User And Input Login Command" type="SETUP">
<kw name="Create User" library="AppLibrary">
<arg>kalle</arg>
<arg>kalle123</arg>
<status status="PASS" starttime="20231120 21:12:23.294" endtime="20231120 21:12:23.294"/>
</kw>
<kw name="Input Login Command" library="resource">
<kw name="Input" library="AppLibrary">
<arg>login</arg>
<status status="PASS" starttime="20231120 21:12:23.294" endtime="20231120 21:12:23.295"/>
</kw>
<status status="PASS" starttime="20231120 21:12:23.294" endtime="20231120 21:12:23.295"/>
</kw>
<status status="PASS" starttime="20231120 21:12:23.294" endtime="20231120 21:12:23.295"/>
</kw>
<kw name="Input Credentials" library="resource">
<arg>kalle</arg>
<arg>kalle123</arg>
<kw name="Input" library="AppLibrary">
<arg>${username}</arg>
<status status="PASS" starttime="20231120 21:12:23.295" endtime="20231120 21:12:23.295"/>
</kw>
<kw name="Input" library="AppLibrary">
<arg>${password}</arg>
<status status="PASS" starttime="20231120 21:12:23.295" endtime="20231120 21:12:23.295"/>
</kw>
<kw name="Run Application" library="AppLibrary">
<status status="PASS" starttime="20231120 21:12:23.295" endtime="20231120 21:12:23.295"/>
</kw>
<status status="PASS" starttime="20231120 21:12:23.295" endtime="20231120 21:12:23.296"/>
</kw>
<kw name="Output Should Contain" library="AppLibrary">
<arg>Logged in</arg>
<status status="PASS" starttime="20231120 21:12:23.296" endtime="20231120 21:12:23.296"/>
</kw>
<status status="PASS" starttime="20231120 21:12:23.293" endtime="20231120 21:12:23.296"/>
</test>
<test id="s1-s1-t2" name="Login With Incorrect Password" line="10">
<kw name="Create User And Input Login Command" type="SETUP">
<kw name="Create User" library="AppLibrary">
<arg>kalle</arg>
<arg>kalle123</arg>
<status status="PASS" starttime="20231120 21:12:23.296" endtime="20231120 21:12:23.296"/>
</kw>
<kw name="Input Login Command" library="resource">
<kw name="Input" library="AppLibrary">
<arg>login</arg>
<status status="PASS" starttime="20231120 21:12:23.297" endtime="20231120 21:12:23.297"/>
</kw>
<status status="PASS" starttime="20231120 21:12:23.296" endtime="20231120 21:12:23.297"/>
</kw>
<status status="PASS" starttime="20231120 21:12:23.296" endtime="20231120 21:12:23.297"/>
</kw>
<kw name="Input Credentials" library="resource">
<arg>kalle</arg>
<arg>kalle456</arg>
<kw name="Input" library="AppLibrary">
<arg>${username}</arg>
<status status="PASS" starttime="20231120 21:12:23.297" endtime="20231120 21:12:23.297"/>
</kw>
<kw name="Input" library="AppLibrary">
<arg>${password}</arg>
<status status="PASS" starttime="20231120 21:12:23.297" endtime="20231120 21:12:23.297"/>
</kw>
<kw name="Run Application" library="AppLibrary">
<status status="PASS" starttime="20231120 21:12:23.297" endtime="20231120 21:12:23.297"/>
</kw>
<status status="PASS" starttime="20231120 21:12:23.297" endtime="20231120 21:12:23.297"/>
</kw>
<kw name="Output Should Contain" library="AppLibrary">
<arg>Invalid username or password</arg>
<status status="PASS" starttime="20231120 21:12:23.298" endtime="20231120 21:12:23.298"/>
</kw>
<status status="PASS" starttime="20231120 21:12:23.296" endtime="20231120 21:12:23.298"/>
</test>
<test id="s1-s1-t3" name="Login With Nonexistent Username" line="14">
<kw name="Create User And Input Login Command" type="SETUP">
<kw name="Create User" library="AppLibrary">
<arg>kalle</arg>
<arg>kalle123</arg>
<status status="PASS" starttime="20231120 21:12:23.298" endtime="20231120 21:12:23.298"/>
</kw>
<kw name="Input Login Command" library="resource">
<kw name="Input" library="AppLibrary">
<arg>login</arg>
<status status="PASS" starttime="20231120 21:12:23.298" endtime="20231120 21:12:23.299"/>
</kw>
<status status="PASS" starttime="20231120 21:12:23.298" endtime="20231120 21:12:23.299"/>
</kw>
<status status="PASS" starttime="20231120 21:12:23.298" endtime="20231120 21:12:23.299"/>
</kw>
<kw name="Input Credentials" library="resource">
<arg>kalleuusi</arg>
<arg>kalle456</arg>
<kw name="Input" library="AppLibrary">
<arg>${username}</arg>
<status status="PASS" starttime="20231120 21:12:23.299" endtime="20231120 21:12:23.299"/>
</kw>
<kw name="Input" library="AppLibrary">
<arg>${password}</arg>
<status status="PASS" starttime="20231120 21:12:23.299" endtime="20231120 21:12:23.299"/>
</kw>
<kw name="Run Application" library="AppLibrary">
<status status="PASS" starttime="20231120 21:12:23.299" endtime="20231120 21:12:23.299"/>
</kw>
<status status="PASS" starttime="20231120 21:12:23.299" endtime="20231120 21:12:23.299"/>
</kw>
<kw name="Output Should Contain" library="AppLibrary">
<arg>Invalid username or password</arg>
<status status="PASS" starttime="20231120 21:12:23.299" endtime="20231120 21:12:23.299"/>
</kw>
<status status="PASS" starttime="20231120 21:12:23.298" endtime="20231120 21:12:23.299"/>
</test>
<status status="PASS" starttime="20231120 21:12:23.288" endtime="20231120 21:12:23.300"/>
</suite>
<suite id="s1-s2" name="Register" source="/home/rktuovin/Documents/School/3v_2p/Ohjelmistotuotanto/palautusrepositorio/viikko3/login-robot/src/tests/register.robot">
<test id="s1-s2-t1" name="Register With Valid Username And Password" line="6">
<kw name="Create User And Input New Command" type="SETUP">
<kw name="Create User" library="AppLibrary">
<arg>kalle</arg>
<arg>kalle123</arg>
<status status="PASS" starttime="20231120 21:12:23.302" endtime="20231120 21:12:23.303"/>
</kw>
<kw name="Input New Command" library="resource">
<kw name="Input" library="AppLibrary">
<arg>new</arg>
<status status="PASS" starttime="20231120 21:12:23.303" endtime="20231120 21:12:23.303"/>
</kw>
<status status="PASS" starttime="20231120 21:12:23.303" endtime="20231120 21:12:23.303"/>
</kw>
<status status="PASS" starttime="20231120 21:12:23.302" endtime="20231120 21:12:23.303"/>
</kw>
<kw name="Input Credentials" library="resource">
<arg>kallee</arg>
<arg>kalle123</arg>
<kw name="Input" library="AppLibrary">
<arg>${username}</arg>
<status status="PASS" starttime="20231120 21:12:23.303" endtime="20231120 21:12:23.303"/>
</kw>
<kw name="Input" library="AppLibrary">
<arg>${password}</arg>
<status status="PASS" starttime="20231120 21:12:23.303" endtime="20231120 21:12:23.303"/>
</kw>
<kw name="Run Application" library="AppLibrary">
<status status="PASS" starttime="20231120 21:12:23.304" endtime="20231120 21:12:23.304"/>
</kw>
<status status="PASS" starttime="20231120 21:12:23.303" endtime="20231120 21:12:23.304"/>
</kw>
<kw name="Output Should Contain" library="AppLibrary">
<arg>New user registered</arg>
<status status="PASS" starttime="20231120 21:12:23.304" endtime="20231120 21:12:23.304"/>
</kw>
<status status="PASS" starttime="20231120 21:12:23.302" endtime="20231120 21:12:23.304"/>
</test>
<test id="s1-s2-t2" name="Register With Already Taken Username And Valid Password" line="10">
<kw name="Create User And Input New Command" type="SETUP">
<kw name="Create User" library="AppLibrary">
<arg>kalle</arg>
<arg>kalle123</arg>
<status status="PASS" starttime="20231120 21:12:23.305" endtime="20231120 21:12:23.305"/>
</kw>
<kw name="Input New Command" library="resource">
<kw name="Input" library="AppLibrary">
<arg>new</arg>
<status status="PASS" starttime="20231120 21:12:23.305" endtime="20231120 21:12:23.305"/>
</kw>
<status status="PASS" starttime="20231120 21:12:23.305" endtime="20231120 21:12:23.305"/>
</kw>
<status status="PASS" starttime="20231120 21:12:23.304" endtime="20231120 21:12:23.305"/>
</kw>
<kw name="Input Credentials" library="resource">
<arg>kalle</arg>
<arg>kalle123</arg>
<kw name="Input" library="AppLibrary">
<arg>${username}</arg>
<status status="PASS" starttime="20231120 21:12:23.305" endtime="20231120 21:12:23.305"/>
</kw>
<kw name="Input" library="AppLibrary">
<arg>${password}</arg>
<status status="PASS" starttime="20231120 21:12:23.305" endtime="20231120 21:12:23.306"/>
</kw>
<kw name="Run Application" library="AppLibrary">
<status status="PASS" starttime="20231120 21:12:23.306" endtime="20231120 21:12:23.306"/>
</kw>
<status status="PASS" starttime="20231120 21:12:23.305" endtime="20231120 21:12:23.306"/>
</kw>
<kw name="Output Should Contain" library="AppLibrary">
<arg>User with username kalle already exists</arg>
<status status="PASS" starttime="20231120 21:12:23.306" endtime="20231120 21:12:23.306"/>
</kw>
<status status="PASS" starttime="20231120 21:12:23.304" endtime="20231120 21:12:23.306"/>
</test>
<test id="s1-s2-t3" name="Register With Too Short Username And Valid Password" line="14">
<kw name="Create User And Input New Command" type="SETUP">
<kw name="Create User" library="AppLibrary">
<arg>kalle</arg>
<arg>kalle123</arg>
<status status="PASS" starttime="20231120 21:12:23.307" endtime="20231120 21:12:23.307"/>
</kw>
<kw name="Input New Command" library="resource">
<kw name="Input" library="AppLibrary">
<arg>new</arg>
<status status="PASS" starttime="20231120 21:12:23.307" endtime="20231120 21:12:23.307"/>
</kw>
<status status="PASS" starttime="20231120 21:12:23.307" endtime="20231120 21:12:23.307"/>
</kw>
<status status="PASS" starttime="20231120 21:12:23.306" endtime="20231120 21:12:23.307"/>
</kw>
<kw name="Input Credentials" library="resource">
<arg>a</arg>
<arg>kalle123</arg>
<kw name="Input" library="AppLibrary">
<arg>${username}</arg>
<status status="PASS" starttime="20231120 21:12:23.307" endtime="20231120 21:12:23.307"/>
</kw>
<kw name="Input" library="AppLibrary">
<arg>${password}</arg>
<status status="PASS" starttime="20231120 21:12:23.307" endtime="20231120 21:12:23.308"/>
</kw>
<kw name="Run Application" library="AppLibrary">
<status status="PASS" starttime="20231120 21:12:23.308" endtime="20231120 21:12:23.308"/>
</kw>
<status status="PASS" starttime="20231120 21:12:23.307" endtime="20231120 21:12:23.308"/>
</kw>
<kw name="Output Should Contain" library="AppLibrary">
<arg>Username is less than three characters</arg>
<status status="PASS" starttime="20231120 21:12:23.308" endtime="20231120 21:12:23.308"/>
</kw>
<status status="PASS" starttime="20231120 21:12:23.306" endtime="20231120 21:12:23.308"/>
</test>
<test id="s1-s2-t4" name="Register With Enough Long But Invalid Username And Valid Password" line="18">
<kw name="Create User And Input New Command" type="SETUP">
<kw name="Create User" library="AppLibrary">
<arg>kalle</arg>
<arg>kalle123</arg>
<status status="PASS" starttime="20231120 21:12:23.309" endtime="20231120 21:12:23.309"/>
</kw>
<kw name="Input New Command" library="resource">
<kw name="Input" library="AppLibrary">
<arg>new</arg>
<status status="PASS" starttime="20231120 21:12:23.309" endtime="20231120 21:12:23.309"/>
</kw>
<status status="PASS" starttime="20231120 21:12:23.309" endtime="20231120 21:12:23.309"/>
</kw>
<status status="PASS" starttime="20231120 21:12:23.308" endtime="20231120 21:12:23.309"/>
</kw>
<kw name="Input Credentials" library="resource">
<arg>kalle!</arg>
<arg>kalle123</arg>
<kw name="Input" library="AppLibrary">
<arg>${username}</arg>
<status status="PASS" starttime="20231120 21:12:23.309" endtime="20231120 21:12:23.309"/>
</kw>
<kw name="Input" library="AppLibrary">
<arg>${password}</arg>
<status status="PASS" starttime="20231120 21:12:23.309" endtime="20231120 21:12:23.309"/>
</kw>
<kw name="Run Application" library="AppLibrary">
<status status="PASS" starttime="20231120 21:12:23.310" endtime="20231120 21:12:23.310"/>
</kw>
<status status="PASS" starttime="20231120 21:12:23.309" endtime="20231120 21:12:23.310"/>
</kw>
<kw name="Output Should Contain" library="AppLibrary">
<arg>Username has forbidden characters</arg>
<status status="PASS" starttime="20231120 21:12:23.310" endtime="20231120 21:12:23.310"/>
</kw>
<status status="PASS" starttime="20231120 21:12:23.308" endtime="20231120 21:12:23.310"/>
</test>
<test id="s1-s2-t5" name="Register With Valid Username And Too Short Password" line="22">
<kw name="Create User And Input New Command" type="SETUP">
<kw name="Create User" library="AppLibrary">
<arg>kalle</arg>
<arg>kalle123</arg>
<status status="PASS" starttime="20231120 21:12:23.310" endtime="20231120 21:12:23.310"/>
</kw>
<kw name="Input New Command" library="resource">
<kw name="Input" library="AppLibrary">
<arg>new</arg>
<status status="PASS" starttime="20231120 21:12:23.311" endtime="20231120 21:12:23.311"/>
</kw>
<status status="PASS" starttime="20231120 21:12:23.311" endtime="20231120 21:12:23.311"/>
</kw>
<status status="PASS" starttime="20231120 21:12:23.310" endtime="20231120 21:12:23.311"/>
</kw>
<kw name="Input Credentials" library="resource">
<arg>kalle</arg>
<arg>ss</arg>
<kw name="Input" library="AppLibrary">
<arg>${username}</arg>
<status status="PASS" starttime="20231120 21:12:23.311" endtime="20231120 21:12:23.311"/>
</kw>
<kw name="Input" library="AppLibrary">
<arg>${password}</arg>
<status status="PASS" starttime="20231120 21:12:23.311" endtime="20231120 21:12:23.311"/>
</kw>
<kw name="Run Application" library="AppLibrary">
<status status="PASS" starttime="20231120 21:12:23.311" endtime="20231120 21:12:23.311"/>
</kw>
<status status="PASS" starttime="20231120 21:12:23.311" endtime="20231120 21:12:23.311"/>
</kw>
<kw name="Output Should Contain" library="AppLibrary">
<arg>Password is less than eight characters</arg>
<status status="PASS" starttime="20231120 21:12:23.312" endtime="20231120 21:12:23.312"/>
</kw>
<status status="PASS" starttime="20231120 21:12:23.310" endtime="20231120 21:12:23.312"/>
</test>
<test id="s1-s2-t6" name="Register With Valid Username And Long Enough Password Containing Only Letters" line="26">
<kw name="Create User And Input New Command" type="SETUP">
<kw name="Create User" library="AppLibrary">
<arg>kalle</arg>
<arg>kalle123</arg>
<status status="PASS" starttime="20231120 21:12:23.312" endtime="20231120 21:12:23.313"/>
</kw>
<kw name="Input New Command" library="resource">
<kw name="Input" library="AppLibrary">
<arg>new</arg>
<status status="PASS" starttime="20231120 21:12:23.313" endtime="20231120 21:12:23.313"/>
</kw>
<status status="PASS" starttime="20231120 21:12:23.313" endtime="20231120 21:12:23.313"/>
</kw>
<status status="PASS" starttime="20231120 21:12:23.312" endtime="20231120 21:12:23.313"/>
</kw>
<kw name="Input Credentials" library="resource">
<arg>kalle</arg>
<arg>abcdefghijklmn</arg>
<kw name="Input" library="AppLibrary">
<arg>${username}</arg>
<status status="PASS" starttime="20231120 21:12:23.313" endtime="20231120 21:12:23.313"/>
</kw>
<kw name="Input" library="AppLibrary">
<arg>${password}</arg>
<status status="PASS" starttime="20231120 21:12:23.313" endtime="20231120 21:12:23.313"/>
</kw>
<kw name="Run Application" library="AppLibrary">
<status status="PASS" starttime="20231120 21:12:23.313" endtime="20231120 21:12:23.314"/>
</kw>
<status status="PASS" starttime="20231120 21:12:23.313" endtime="20231120 21:12:23.314"/>
</kw>
<kw name="Output Should Contain" library="AppLibrary">
<arg>Password consists of only letters</arg>
<status status="PASS" starttime="20231120 21:12:23.314" endtime="20231120 21:12:23.314"/>
</kw>
<status status="PASS" starttime="20231120 21:12:23.312" endtime="20231120 21:12:23.314"/>
</test>
<status status="PASS" starttime="20231120 21:12:23.300" endtime="20231120 21:12:23.314"/>
</suite>
<status status="PASS" starttime="20231120 21:12:23.274" endtime="20231120 21:12:23.315"/>
</suite>
<statistics>
<total>
<stat pass="9" fail="0" skip="0">All Tests</stat>
</total>
<tag>
</tag>
<suite>
<stat pass="9" fail="0" skip="0" id="s1" name="Tests">Tests</stat>
<stat pass="3" fail="0" skip="0" id="s1-s1" name="Login">Tests.Login</stat>
<stat pass="6" fail="0" skip="0" id="s1-s2" name="Register">Tests.Register</stat>
</suite>
</statistics>
<errors>
</errors>
</robot>
